mode: set
tcg-uss-ae-go-sp/internal/apiserver/service/customerimage/customer_image.go:22.122,27.2 1 0
tcg-uss-ae-go-sp/internal/apiserver/service/customerimage/get_customer_image_by_id.go:14.111,16.16 2 1
tcg-uss-ae-go-sp/internal/apiserver/service/customerimage/get_customer_image_by_id.go:16.16,18.3 1 1
tcg-uss-ae-go-sp/internal/apiserver/service/customerimage/get_customer_image_by_id.go:19.2,19.21 1 1
tcg-uss-ae-go-sp/internal/apiserver/service/customerimage/get_customer_image_by_id.go:19.21,21.3 1 1
tcg-uss-ae-go-sp/internal/apiserver/service/customerimage/get_customer_image_by_id.go:22.2,23.16 2 1
tcg-uss-ae-go-sp/internal/apiserver/service/customerimage/get_customer_image_by_id.go:23.16,25.3 1 1
tcg-uss-ae-go-sp/internal/apiserver/service/customerimage/get_customer_image_by_id.go:26.2,26.35 1 1
tcg-uss-ae-go-sp/internal/apiserver/service/customerimage/get_customer_image_by_id.go:26.35,28.3 1 1
tcg-uss-ae-go-sp/internal/apiserver/service/customerimage/get_customer_image_by_id.go:29.2,43.8 2 1
