mode: set
go-notes/go-principle-and-practise/unit-test/max_online_time.go:25.50,29.25 3 1
go-notes/go-principle-and-practise/unit-test/max_online_time.go:29.25,38.3 2 1
go-notes/go-principle-and-practise/unit-test/max_online_time.go:40.2,40.41 1 1
go-notes/go-principle-and-practise/unit-test/max_online_time.go:40.41,41.33 1 1
go-notes/go-principle-and-practise/unit-test/max_online_time.go:41.33,43.4 1 1
go-notes/go-principle-and-practise/unit-test/max_online_time.go:44.3,44.35 1 1
go-notes/go-principle-and-practise/unit-test/max_online_time.go:47.2,53.14 5 1
go-notes/go-principle-and-practise/unit-test/max_online_time.go:53.14,58.45 3 1
go-notes/go-principle-and-practise/unit-test/max_online_time.go:58.45,61.4 2 1
go-notes/go-principle-and-practise/unit-test/max_online_time.go:63.3,65.32 2 1
go-notes/go-principle-and-practise/unit-test/max_online_time.go:65.32,68.4 2 1
go-notes/go-principle-and-practise/unit-test/max_online_time.go:70.2,70.17 1 1
